<?xml version="1.0" encoding="UTF-8"?>
<testsuite xmlns:xsi="http://www.w3.org/2001/XMLSchema-instance" xsi:noNamespaceSchemaLocation="https://maven.apache.org/surefire/maven-surefire-plugin/xsd/surefire-test-report.xsd" name="com.nhom2.GetListInvoiceTest" time="0.123" tests="1" errors="0" skipped="0" failures="1">
  <properties>
    <property name="java.specification.version" value="21"/>
    <property name="sun.cpu.isalist" value="amd64"/>
    <property name="sun.jnu.encoding" value="Cp1252"/>
    <property name="java.class.path" value="c:\Users\KhanhNguyen9872\Documents\GitHub\TKXDPM_QLHoaDonDien\target\test-classes;c:\Users\KhanhNguyen9872\Documents\GitHub\TKXDPM_QLHoaDonDien\target\classes;C:\Users\KhanhNguyen9872\.m2\repository\junit\junit\4.11\junit-4.11.jar;C:\Users\KhanhNguyen9872\.m2\repository\org\hamcrest\hamcrest-core\1.3\hamcrest-core-1.3.jar;C:\Users\KhanhNguyen9872\.m2\repository\mysql\mysql-connector-java\8.0.11\mysql-connector-java-8.0.11.jar;C:\Users\KhanhNguyen9872\.m2\repository\com\google\protobuf\protobuf-java\2.6.0\protobuf-java-2.6.0.jar;"/>
    <property name="java.vm.vendor" value="Oracle Corporation"/>
    <property name="sun.arch.data.model" value="64"/>
    <property name="user.variant" value=""/>
    <property name="java.vendor.url" value="https://java.oracle.com/"/>
    <property name="user.timezone" value="Asia/Hovd"/>
    <property name="os.name" value="Windows 11"/>
    <property name="java.vm.specification.version" value="21"/>
    <property name="sun.java.launcher" value="SUN_STANDARD"/>
    <property name="user.country" value="US"/>
    <property name="sun.boot.library.path" value="C:\Java\jdk-21.0.2\bin"/>
    <property name="sun.java.command" value="C:\Users\KHANHN~1\AppData\Local\Temp\surefire2946909122767116565\surefirebooter337417603596575576.jar C:\Users\KhanhNguyen9872\AppData\Local\Temp\surefire2946909122767116565 2024-10-22T16-24-17_767-jvmRun1 surefire7193052485999951137tmp surefire_012519332932646308756tmp"/>
    <property name="jdk.debug" value="release"/>
    <property name="surefire.test.class.path" value="c:\Users\KhanhNguyen9872\Documents\GitHub\TKXDPM_QLHoaDonDien\target\test-classes;c:\Users\KhanhNguyen9872\Documents\GitHub\TKXDPM_QLHoaDonDien\target\classes;C:\Users\KhanhNguyen9872\.m2\repository\junit\junit\4.11\junit-4.11.jar;C:\Users\KhanhNguyen9872\.m2\repository\org\hamcrest\hamcrest-core\1.3\hamcrest-core-1.3.jar;C:\Users\KhanhNguyen9872\.m2\repository\mysql\mysql-connector-java\8.0.11\mysql-connector-java-8.0.11.jar;C:\Users\KhanhNguyen9872\.m2\repository\com\google\protobuf\protobuf-java\2.6.0\protobuf-java-2.6.0.jar;"/>
    <property name="sun.cpu.endian" value="little"/>
    <property name="user.home" value="C:\Users\KhanhNguyen9872"/>
    <property name="user.language" value="en"/>
    <property name="java.specification.vendor" value="Oracle Corporation"/>
    <property name="java.version.date" value="2024-01-16"/>
    <property name="java.home" value="C:\Java\jdk-21.0.2"/>
    <property name="file.separator" value="\"/>
    <property name="basedir" value="c:\Users\KhanhNguyen9872\Documents\GitHub\TKXDPM_QLHoaDonDien"/>
    <property name="java.vm.compressedOopsMode" value="Zero based"/>
    <property name="line.separator" value="&#10;"/>
    <property name="java.vm.specification.vendor" value="Oracle Corporation"/>
    <property name="java.specification.name" value="Java Platform API Specification"/>
    <property name="surefire.real.class.path" value="C:\Users\KHANHN~1\AppData\Local\Temp\surefire2946909122767116565\surefirebooter337417603596575576.jar"/>
    <property name="user.script" value=""/>
    <property name="sun.management.compiler" value="HotSpot 64-Bit Tiered Compilers"/>
    <property name="java.runtime.version" value="21.0.2+13-58"/>
    <property name="user.name" value="KhanhNguyen9872"/>
    <property name="stdout.encoding" value="Cp1252"/>
    <property name="path.separator" value=";"/>
    <property name="os.version" value="10.0"/>
    <property name="java.runtime.name" value="OpenJDK Runtime Environment"/>
    <property name="file.encoding" value="UTF-8"/>
    <property name="java.vm.name" value="OpenJDK 64-Bit Server VM"/>
    <property name="localRepository" value="C:\Users\KhanhNguyen9872\.m2\repository"/>
    <property name="java.vendor.url.bug" value="https://bugreport.java.com/bugreport/"/>
    <property name="java.io.tmpdir" value="C:\Users\KHANHN~1\AppData\Local\Temp\"/>
    <property name="java.version" value="21.0.2"/>
    <property name="user.dir" value="c:\Users\KhanhNguyen9872\Documents\GitHub\TKXDPM_QLHoaDonDien"/>
    <property name="os.arch" value="amd64"/>
    <property name="java.vm.specification.name" value="Java Virtual Machine Specification"/>
    <property name="sun.os.patch.level" value=""/>
    <property name="native.encoding" value="Cp1252"/>
    <property name="java.library.path" value="C:\Java\jdk-21.0.2\bin;C:\windows\Sun\Java\bin;C:\windows\system32;C:\windows;C:\windows\system32;C:\windows;C:\windows\System32\Wbem;C:\Java\jdk-21.0.2\bin;C:\javafx-sdk-20.0.1\bin;C:\Program Files\OpenLogic\jdk-11.0.23.9-hotspot\bin;C:\Program Files\Common Files\Oracle\Java\javapath;C:\Program Files (x86)\VMware\VMware Workstation\bin\;C:\windows\System32\WindowsPowerShell\v1.0\;C:\windows\System32\OpenSSH\;C:\Program Files\Microsoft VS Code\bin;C:\TDM-GCC-64\bin;C:\Program Files (x86)\Microsoft SQL Server\160\Tools\Binn\;C:\Program Files\Microsoft SQL Server\160\Tools\Binn\;C:\Program Files\Microsoft SQL Server\Client SDK\ODBC\170\Tools\Binn\;C:\Program Files\Microsoft SQL Server\160\DTS\Binn\;C:\Program Files (x86)\Microsoft SQL Server\160\DTS\Binn\;C:\Program Files\Azure Data Studio\bin;C:\Program Files\dotnet\;C:\Program Files (x86)\ATI Technologies\ATI.ACE\Core-Static;C:\Program Files\Docker\Docker\resources\bin;C:\Program Files (x86)\Windows Kits\10\Windows Performance Toolkit\;C:\Program Files\Git\cmd;C:\Program Files\Microsoft SQL Server\150\Tools\Binn\;C:\Program Files\nodejs\;C:\Users\KhanhNguyen9872\AppData\Roaming\nvm;C:\Program Files\nodejs;C:\Program Files\Go\bin;C:\Users\KhanhNguyen9872\Desktop\korepi\dll;C:\apache-maven-3.9.9\bin;C:\Program Files\Cloudflare\Cloudflare WARP\;C:\Program Files\MySQL\MySQL Shell 8.0\bin\;C:\Users\KhanhNguyen9872\AppData\Local\Programs\Python\Python36\Scripts\;C:\Users\KhanhNguyen9872\AppData\Local\Programs\Python\Python36\;C:\Users\KhanhNguyen9872\AppData\Local\Programs\Python\Launcher\;C:\Users\KhanhNguyen9872\AppData\Local\Programs\Python\Python37\Scripts\;C:\Users\KhanhNguyen9872\AppData\Local\Programs\Python\Python37\;C:\Users\KhanhNguyen9872\AppData\Local\Programs\Python\Python310\Scripts\;C:\Users\KhanhNguyen9872\AppData\Local\Programs\Python\Python310\;C:\Users\KhanhNguyen9872\AppData\Local\Programs\Python\Python39\Scripts\;C:\Users\KhanhNguyen9872\AppData\Local\Programs\Python\Python39\;C:\Users\KhanhNguyen9872\AppData\Local\Programs\Python\Python311\Scripts\;C:\Users\KhanhNguyen9872\AppData\Local\Programs\Python\Python311\;C:\Users\KhanhNguyen9872\AppData\Local\Programs\Python\Python312\Scripts\;C:\Users\KhanhNguyen9872\AppData\Local\Programs\Python\Python312\;C:\Users\KhanhNguyen9872\AppData\Local\Programs\Python\Python38-32\Scripts\;C:\Users\KhanhNguyen9872\AppData\Local\Programs\Python\Python38-32\;C:\Users\KhanhNguyen9872\AppData\Local\Programs\Python\Python313;C:\xampp\php;C:\Users\KhanhNguyen9872\AppData\Local\Microsoft\WindowsApps;C:\Users\KhanhNguyen9872\AppData\Local\GitHubDesktop\bin;E:\adb;C:\Program Files\Azure Data Studio\bin;C:\Users\KhanhNguyen9872\.dotnet\tools;C:\Users\KhanhNguyen9872\AppData\Roaming\npm;C:\Users\KhanhNguyen9872\AppData\Roaming\nvm;C:\Program Files\nodejs;C:\Users\KhanhNguyen9872\go\bin;."/>
    <property name="java.vm.info" value="mixed mode, sharing"/>
    <property name="stderr.encoding" value="Cp1252"/>
    <property name="java.vendor" value="Oracle Corporation"/>
    <property name="java.vm.version" value="21.0.2+13-58"/>
    <property name="sun.io.unicode.encoding" value="UnicodeLittle"/>
    <property name="java.class.version" value="65.0"/>
  </properties>
  <testcase name="getListInvoiceSuccess" classname="com.nhom2.GetListInvoiceTest" time="0.122">
    <failure message="expected:&lt;0&gt; but was:&lt;1&gt;" type="java.lang.AssertionError"><![CDATA[java.lang.AssertionError: expected:<0> but was:<1>
	at com.nhom2.GetListInvoiceTest.getListInvoiceSuccess(GetListInvoiceTest.java:32)
]]></failure>
    <system-err><![CDATA[com.mysql.cj.jdbc.exceptions.CommunicationsException: Communications link failure

The last packet sent successfully to the server was 0 milliseconds ago. The driver has not received any packets from the server.
	at com.mysql.cj.jdbc.exceptions.SQLError.createCommunicationsException(SQLError.java:172)
	at com.mysql.cj.jdbc.exceptions.SQLExceptionsMapping.translateException(SQLExceptionsMapping.java:64)
	at com.mysql.cj.jdbc.ConnectionImpl.createNewIO(ConnectionImpl.java:862)
	at com.mysql.cj.jdbc.ConnectionImpl.<init>(ConnectionImpl.java:444)
	at com.mysql.cj.jdbc.ConnectionImpl.getInstance(ConnectionImpl.java:230)
	at com.mysql.cj.jdbc.NonRegisteringDriver.connect(NonRegisteringDriver.java:226)
	at java.sql/java.sql.DriverManager.getConnection(DriverManager.java:683)
	at java.sql/java.sql.DriverManager.getConnection(DriverManager.java:230)
	at com.nhom2.database.mysql.DAOMySQL.connect(DAOMySQL.java:59)
	at com.nhom2.database.mysql.GetListInvoiceDAOMySQL.getAllInvoices(GetListInvoiceDAOMySQL.java:23)
	at com.nhom2.businessRules.getListInvoice.GetListInvoiceUseCase.execute(GetListInvoiceUseCase.java:23)
	at com.nhom2.GetListInvoiceTest.getListInvoiceSuccess(GetListInvoiceTest.java:30)
	at java.base/jdk.internal.reflect.DirectMethodHandleAccessor.invoke(DirectMethodHandleAccessor.java:103)
	at java.base/java.lang.reflect.Method.invoke(Method.java:580)
	at org.junit.runners.model.FrameworkMethod$1.runReflectiveCall(FrameworkMethod.java:47)
	at org.junit.internal.runners.model.ReflectiveCallable.run(ReflectiveCallable.java:12)
	at org.junit.runners.model.FrameworkMethod.invokeExplosively(FrameworkMethod.java:44)
	at org.junit.internal.runners.statements.InvokeMethod.evaluate(InvokeMethod.java:17)
	at org.junit.runners.ParentRunner.runLeaf(ParentRunner.java:271)
	at org.junit.runners.BlockJUnit4ClassRunner.runChild(BlockJUnit4ClassRunner.java:70)
	at org.junit.runners.BlockJUnit4ClassRunner.runChild(BlockJUnit4ClassRunner.java:50)
	at org.junit.runners.ParentRunner$3.run(ParentRunner.java:238)
	at org.junit.runners.ParentRunner$1.schedule(ParentRunner.java:63)
	at org.junit.runners.ParentRunner.runChildren(ParentRunner.java:236)
	at org.junit.runners.ParentRunner.access$000(ParentRunner.java:53)
	at org.junit.runners.ParentRunner$2.evaluate(ParentRunner.java:229)
	at org.junit.runners.ParentRunner.run(ParentRunner.java:309)
	at org.apache.maven.surefire.junit4.JUnit4Provider.execute(JUnit4Provider.java:365)
	at org.apache.maven.surefire.junit4.JUnit4Provider.executeWithRerun(JUnit4Provider.java:273)
	at org.apache.maven.surefire.junit4.JUnit4Provider.executeTestSet(JUnit4Provider.java:238)
	at org.apache.maven.surefire.junit4.JUnit4Provider.invoke(JUnit4Provider.java:159)
	at org.apache.maven.surefire.booter.ForkedBooter.invokeProviderInSameClassLoader(ForkedBooter.java:384)
	at org.apache.maven.surefire.booter.ForkedBooter.runSuitesInProcess(ForkedBooter.java:345)
	at org.apache.maven.surefire.booter.ForkedBooter.execute(ForkedBooter.java:126)
	at org.apache.maven.surefire.booter.ForkedBooter.main(ForkedBooter.java:418)
Caused by: com.mysql.cj.exceptions.CJCommunicationsException: Communications link failure

The last packet sent successfully to the server was 0 milliseconds ago. The driver has not received any packets from the server.
	at java.base/jdk.internal.reflect.DirectConstructorHandleAccessor.newInstance(DirectConstructorHandleAccessor.java:62)
	at java.base/java.lang.reflect.Constructor.newInstanceWithCaller(Constructor.java:502)
	at java.base/java.lang.reflect.Constructor.newInstance(Constructor.java:486)
	at com.mysql.cj.exceptions.ExceptionFactory.createException(ExceptionFactory.java:59)
	at com.mysql.cj.exceptions.ExceptionFactory.createException(ExceptionFactory.java:103)
	at com.mysql.cj.exceptions.ExceptionFactory.createException(ExceptionFactory.java:149)
	at com.mysql.cj.exceptions.ExceptionFactory.createCommunicationsException(ExceptionFactory.java:165)
	at com.mysql.cj.protocol.a.NativeSocketConnection.connect(NativeSocketConnection.java:92)
	at com.mysql.cj.NativeSession.connect(NativeSession.java:152)
	at com.mysql.cj.jdbc.ConnectionImpl.connectOneTryOnly(ConnectionImpl.java:982)
	at com.mysql.cj.jdbc.ConnectionImpl.createNewIO(ConnectionImpl.java:852)
	... 32 more
Caused by: java.net.ConnectException: Connection refused: connect
	at java.base/sun.nio.ch.Net.connect0(Native Method)
	at java.base/sun.nio.ch.Net.connect(Net.java:589)
	at java.base/sun.nio.ch.Net.connect(Net.java:578)
	at java.base/sun.nio.ch.NioSocketImpl.connect(NioSocketImpl.java:583)
	at java.base/java.net.SocksSocketImpl.connect(SocksSocketImpl.java:327)
	at java.base/java.net.Socket.connect(Socket.java:751)
	at com.mysql.cj.protocol.StandardSocketFactory.connect(StandardSocketFactory.java:173)
	at com.mysql.cj.protocol.a.NativeSocketConnection.connect(NativeSocketConnection.java:66)
	... 35 more
java.lang.NullPointerException: Cannot invoke "java.sql.Statement.executeQuery(String)" because "statement" is null
	at com.nhom2.database.mysql.GetListInvoiceDAOMySQL.getAllInvoices(GetListInvoiceDAOMySQL.java:28)
	at com.nhom2.businessRules.getListInvoice.GetListInvoiceUseCase.execute(GetListInvoiceUseCase.java:23)
	at com.nhom2.GetListInvoiceTest.getListInvoiceSuccess(GetListInvoiceTest.java:30)
	at java.base/jdk.internal.reflect.DirectMethodHandleAccessor.invoke(DirectMethodHandleAccessor.java:103)
	at java.base/java.lang.reflect.Method.invoke(Method.java:580)
	at org.junit.runners.model.FrameworkMethod$1.runReflectiveCall(FrameworkMethod.java:47)
	at org.junit.internal.runners.model.ReflectiveCallable.run(ReflectiveCallable.java:12)
	at org.junit.runners.model.FrameworkMethod.invokeExplosively(FrameworkMethod.java:44)
	at org.junit.internal.runners.statements.InvokeMethod.evaluate(InvokeMethod.java:17)
	at org.junit.runners.ParentRunner.runLeaf(ParentRunner.java:271)
	at org.junit.runners.BlockJUnit4ClassRunner.runChild(BlockJUnit4ClassRunner.java:70)
	at org.junit.runners.BlockJUnit4ClassRunner.runChild(BlockJUnit4ClassRunner.java:50)
	at org.junit.runners.ParentRunner$3.run(ParentRunner.java:238)
	at org.junit.runners.ParentRunner$1.schedule(ParentRunner.java:63)
	at org.junit.runners.ParentRunner.runChildren(ParentRunner.java:236)
	at org.junit.runners.ParentRunner.access$000(ParentRunner.java:53)
	at org.junit.runners.ParentRunner$2.evaluate(ParentRunner.java:229)
	at org.junit.runners.ParentRunner.run(ParentRunner.java:309)
	at org.apache.maven.surefire.junit4.JUnit4Provider.execute(JUnit4Provider.java:365)
	at org.apache.maven.surefire.junit4.JUnit4Provider.executeWithRerun(JUnit4Provider.java:273)
	at org.apache.maven.surefire.junit4.JUnit4Provider.executeTestSet(JUnit4Provider.java:238)
	at org.apache.maven.surefire.junit4.JUnit4Provider.invoke(JUnit4Provider.java:159)
	at org.apache.maven.surefire.booter.ForkedBooter.invokeProviderInSameClassLoader(ForkedBooter.java:384)
	at org.apache.maven.surefire.booter.ForkedBooter.runSuitesInProcess(ForkedBooter.java:345)
	at org.apache.maven.surefire.booter.ForkedBooter.execute(ForkedBooter.java:126)
	at org.apache.maven.surefire.booter.ForkedBooter.main(ForkedBooter.java:418)
]]></system-err>
  </testcase>
</testsuite>