<?xml version="1.0" encoding="UTF-8"?>
<testsuite xmlns:xsi="http://www.w3.org/2001/XMLSchema-instance" xsi:noNamespaceSchemaLocation="https://maven.apache.org/surefire/maven-surefire-plugin/xsd/surefire-test-report.xsd" name="com.nhom2.ExportInvoiceByMonthTest" time="0.003" tests="2" errors="0" skipped="0" failures="0">
  <properties>
    <property name="java.specification.version" value="21"/>
    <property name="sun.cpu.isalist" value="amd64"/>
    <property name="sun.jnu.encoding" value="Cp1252"/>
    <property name="java.class.path" value="c:\Users\KhanhNguyen9872\Documents\GitHub\TKXDPM_QLHoaDonDien\target\test-classes;c:\Users\KhanhNguyen9872\Documents\GitHub\TKXDPM_QLHoaDonDien\target\classes;C:\Users\KhanhNguyen9872\.m2\repository\junit\junit\4.11\junit-4.11.jar;C:\Users\KhanhNguyen9872\.m2\repository\org\hamcrest\hamcrest-core\1.3\hamcrest-core-1.3.jar;C:\Users\KhanhNguyen9872\.m2\repository\com\mysql\mysql-connector-j\8.0.33\mysql-connector-j-8.0.33.jar;C:\Users\KhanhNguyen9872\.m2\repository\com\google\protobuf\protobuf-java\3.21.9\protobuf-java-3.21.9.jar;C:\Users\KhanhNguyen9872\.m2\repository\org\swinglabs\swingx\1.6.1\swingx-1.6.1.jar;C:\Users\KhanhNguyen9872\.m2\repository\com\jhlabs\filters\2.0.235\filters-2.0.235.jar;C:\Users\KhanhNguyen9872\.m2\repository\org\swinglabs\swing-worker\1.1\swing-worker-1.1.jar;"/>
    <property name="java.vm.vendor" value="Oracle Corporation"/>
    <property name="sun.arch.data.model" value="64"/>
    <property name="user.variant" value=""/>
    <property name="java.vendor.url" value="https://java.oracle.com/"/>
    <property name="user.timezone" value="Asia/Hovd"/>
    <property name="os.name" value="Windows 11"/>
    <property name="java.vm.specification.version" value="21"/>
    <property name="sun.java.launcher" value="SUN_STANDARD"/>
    <property name="user.country" value="US"/>
    <property name="sun.boot.library.path" value="C:\Java\jdk-21.0.2\bin"/>
    <property name="sun.java.command" value="C:\Users\KHANHN~1\AppData\Local\Temp\surefire1052942138445327179\surefirebooter11262959603994326595.jar C:\Users\KhanhNguyen9872\AppData\Local\Temp\surefire1052942138445327179 2024-10-26T03-02-18_056-jvmRun1 surefire17096890585288525749tmp surefire_017394308327804285547tmp"/>
    <property name="jdk.debug" value="release"/>
    <property name="surefire.test.class.path" value="c:\Users\KhanhNguyen9872\Documents\GitHub\TKXDPM_QLHoaDonDien\target\test-classes;c:\Users\KhanhNguyen9872\Documents\GitHub\TKXDPM_QLHoaDonDien\target\classes;C:\Users\KhanhNguyen9872\.m2\repository\junit\junit\4.11\junit-4.11.jar;C:\Users\KhanhNguyen9872\.m2\repository\org\hamcrest\hamcrest-core\1.3\hamcrest-core-1.3.jar;C:\Users\KhanhNguyen9872\.m2\repository\com\mysql\mysql-connector-j\8.0.33\mysql-connector-j-8.0.33.jar;C:\Users\KhanhNguyen9872\.m2\repository\com\google\protobuf\protobuf-java\3.21.9\protobuf-java-3.21.9.jar;C:\Users\KhanhNguyen9872\.m2\repository\org\swinglabs\swingx\1.6.1\swingx-1.6.1.jar;C:\Users\KhanhNguyen9872\.m2\repository\com\jhlabs\filters\2.0.235\filters-2.0.235.jar;C:\Users\KhanhNguyen9872\.m2\repository\org\swinglabs\swing-worker\1.1\swing-worker-1.1.jar;"/>
    <property name="sun.cpu.endian" value="little"/>
    <property name="user.home" value="C:\Users\KhanhNguyen9872"/>
    <property name="user.language" value="en"/>
    <property name="java.specification.vendor" value="Oracle Corporation"/>
    <property name="java.version.date" value="2024-01-16"/>
    <property name="java.home" value="C:\Java\jdk-21.0.2"/>
    <property name="file.separator" value="\"/>
    <property name="basedir" value="c:\Users\KhanhNguyen9872\Documents\GitHub\TKXDPM_QLHoaDonDien"/>
    <property name="java.vm.compressedOopsMode" value="Zero based"/>
    <property name="line.separator" value="&#10;"/>
    <property name="java.vm.specification.vendor" value="Oracle Corporation"/>
    <property name="java.specification.name" value="Java Platform API Specification"/>
    <property name="surefire.real.class.path" value="C:\Users\KHANHN~1\AppData\Local\Temp\surefire1052942138445327179\surefirebooter11262959603994326595.jar"/>
    <property name="user.script" value=""/>
    <property name="sun.management.compiler" value="HotSpot 64-Bit Tiered Compilers"/>
    <property name="java.runtime.version" value="21.0.2+13-58"/>
    <property name="user.name" value="KhanhNguyen9872"/>
    <property name="stdout.encoding" value="Cp1252"/>
    <property name="path.separator" value=";"/>
    <property name="os.version" value="10.0"/>
    <property name="java.runtime.name" value="OpenJDK Runtime Environment"/>
    <property name="file.encoding" value="UTF-8"/>
    <property name="java.vm.name" value="OpenJDK 64-Bit Server VM"/>
    <property name="localRepository" value="C:\Users\KhanhNguyen9872\.m2\repository"/>
    <property name="java.vendor.url.bug" value="https://bugreport.java.com/bugreport/"/>
    <property name="java.io.tmpdir" value="C:\Users\KHANHN~1\AppData\Local\Temp\"/>
    <property name="java.version" value="21.0.2"/>
    <property name="user.dir" value="c:\Users\KhanhNguyen9872\Documents\GitHub\TKXDPM_QLHoaDonDien"/>
    <property name="os.arch" value="amd64"/>
    <property name="java.vm.specification.name" value="Java Virtual Machine Specification"/>
    <property name="sun.os.patch.level" value=""/>
    <property name="native.encoding" value="Cp1252"/>
    <property name="java.library.path" value="C:\Java\jdk-21.0.2\bin;C:\windows\Sun\Java\bin;C:\windows\system32;C:\windows;C:\windows\system32;C:\windows;C:\windows\System32\Wbem;C:\Java\jdk-21.0.2\bin;C:\javafx-sdk-20.0.1\bin;C:\Program Files\OpenLogic\jdk-11.0.23.9-hotspot\bin;C:\Program Files\Common Files\Oracle\Java\javapath;C:\Program Files (x86)\VMware\VMware Workstation\bin\;C:\windows\System32\WindowsPowerShell\v1.0\;C:\windows\System32\OpenSSH\;C:\Program Files\Microsoft VS Code\bin;C:\TDM-GCC-64\bin;C:\Program Files (x86)\Microsoft SQL Server\160\Tools\Binn\;C:\Program Files\Microsoft SQL Server\160\Tools\Binn\;C:\Program Files\Microsoft SQL Server\Client SDK\ODBC\170\Tools\Binn\;C:\Program Files\Microsoft SQL Server\160\DTS\Binn\;C:\Program Files (x86)\Microsoft SQL Server\160\DTS\Binn\;C:\Program Files\Azure Data Studio\bin;C:\Program Files\dotnet\;C:\Program Files (x86)\ATI Technologies\ATI.ACE\Core-Static;C:\Program Files\Docker\Docker\resources\bin;C:\Program Files (x86)\Windows Kits\10\Windows Performance Toolkit\;C:\Program Files\Git\cmd;C:\Program Files\Microsoft SQL Server\150\Tools\Binn\;C:\Program Files\nodejs\;C:\Users\KhanhNguyen9872\AppData\Roaming\nvm;C:\Program Files\nodejs;C:\Program Files\Go\bin;C:\Users\KhanhNguyen9872\Desktop\korepi\dll;C:\apache-maven-3.9.9\bin;C:\Program Files\Cloudflare\Cloudflare WARP\;C:\Program Files\MySQL\MySQL Shell 8.0\bin\;C:\Users\KhanhNguyen9872\AppData\Local\Programs\Python\Python36\Scripts\;C:\Users\KhanhNguyen9872\AppData\Local\Programs\Python\Python36\;C:\Users\KhanhNguyen9872\AppData\Local\Programs\Python\Launcher\;C:\Users\KhanhNguyen9872\AppData\Local\Programs\Python\Python37\Scripts\;C:\Users\KhanhNguyen9872\AppData\Local\Programs\Python\Python37\;C:\Users\KhanhNguyen9872\AppData\Local\Programs\Python\Python310\Scripts\;C:\Users\KhanhNguyen9872\AppData\Local\Programs\Python\Python310\;C:\Users\KhanhNguyen9872\AppData\Local\Programs\Python\Python39\Scripts\;C:\Users\KhanhNguyen9872\AppData\Local\Programs\Python\Python39\;C:\Users\KhanhNguyen9872\AppData\Local\Programs\Python\Python311\Scripts\;C:\Users\KhanhNguyen9872\AppData\Local\Programs\Python\Python311\;C:\Users\KhanhNguyen9872\AppData\Local\Programs\Python\Python312\Scripts\;C:\Users\KhanhNguyen9872\AppData\Local\Programs\Python\Python312\;C:\Users\KhanhNguyen9872\AppData\Local\Programs\Python\Python38-32\Scripts\;C:\Users\KhanhNguyen9872\AppData\Local\Programs\Python\Python38-32\;C:\Users\KhanhNguyen9872\AppData\Local\Programs\Python\Python313;C:\xampp\php;C:\Users\KhanhNguyen9872\AppData\Local\Microsoft\WindowsApps;C:\Users\KhanhNguyen9872\AppData\Local\GitHubDesktop\bin;E:\adb;C:\Program Files\Azure Data Studio\bin;C:\Users\KhanhNguyen9872\.dotnet\tools;C:\Users\KhanhNguyen9872\AppData\Roaming\npm;C:\Users\KhanhNguyen9872\AppData\Roaming\nvm;C:\Program Files\nodejs;C:\Users\KhanhNguyen9872\go\bin;."/>
    <property name="java.vm.info" value="mixed mode, sharing"/>
    <property name="stderr.encoding" value="Cp1252"/>
    <property name="java.vendor" value="Oracle Corporation"/>
    <property name="java.vm.version" value="21.0.2+13-58"/>
    <property name="sun.io.unicode.encoding" value="UnicodeLittle"/>
    <property name="java.class.version" value="65.0"/>
  </properties>
  <testcase name="exportInvoiceByMonthSuccess" classname="com.nhom2.ExportInvoiceByMonthTest" time="0"/>
  <testcase name="exportInvoiceByMonthEmpty" classname="com.nhom2.ExportInvoiceByMonthTest" time="0"/>
</testsuite>